<?xml version="1.0" encoding="UTF-8"?>
<testng-results ignored="0" total="1" passed="1" failed="0" skipped="0">
  <reporter-output>
  </reporter-output>
  <suite started-at="2024-11-18T03:21:17 IST" name="Default suite" finished-at="2024-11-18T03:21:20 IST" duration-ms="2544">
    <groups>
    </groups>
    <test started-at="2024-11-18T03:21:17 IST" name="Default test" finished-at="2024-11-18T03:21:20 IST" duration-ms="2544">
      <class name="userManagement.UsersSchemaValidation">
        <test-method is-config="true" signature="config(java.lang.String,java.lang.String)[pri:0, instance:userManagement.UsersSchemaValidation@f09733f]" started-at="2024-11-18T03:21:17 IST" name="config" finished-at="2024-11-18T03:21:17 IST" duration-ms="299" status="PASS">
          <params>
            <param index="0">
              <value>
                <![CDATA[Optional name Automation ]]>
              </value>
            </param>
            <param index="1">
              <value>
                <![CDATA[API Report]]>
              </value>
            </param>
          </params>
          <reporter-output>
          </reporter-output>
        </test-method> <!-- config -->
        <test-method is-config="true" signature="logBeforeMethod()[pri:0, instance:userManagement.UsersSchemaValidation@f09733f]" started-at="2024-11-18T03:21:17 IST" name="logBeforeMethod" finished-at="2024-11-18T03:21:17 IST" duration-ms="0" status="PASS">
          <reporter-output>
          </reporter-output>
        </test-method> <!-- logBeforeMethod -->
        <test-method signature="getAndValidateUserSchema()[pri:1, instance:userManagement.UsersSchemaValidation@f09733f]" started-at="2024-11-18T03:21:18 IST" name="getAndValidateUserSchema" description="Validate Schema for the user" finished-at="2024-11-18T03:21:20 IST" duration-ms="2493" status="PASS">
          <reporter-output>
          </reporter-output>
        </test-method> <!-- getAndValidateUserSchema -->
        <test-method is-config="true" signature="getResult(org.testng.ITestResult)[pri:0, instance:userManagement.UsersSchemaValidation@f09733f]" started-at="2024-11-18T03:21:20 IST" name="getResult" finished-at="2024-11-18T03:21:20 IST" duration-ms="3" status="PASS">
          <params>
            <param index="0">
              <value>
                <![CDATA[[TestResult name=getAndValidateUserSchema status=SUCCESS method=UsersSchemaValidation.getAndValidateUserSchema()[pri:1, instance:userManagement.UsersSchemaValidation@f09733f] output={null}]]]>
              </value>
            </param>
          </params>
          <reporter-output>
          </reporter-output>
        </test-method> <!-- getResult -->
        <test-method is-config="true" signature="endReport()[pri:0, instance:userManagement.UsersSchemaValidation@f09733f]" started-at="2024-11-18T03:21:20 IST" name="endReport" finished-at="2024-11-18T03:21:20 IST" duration-ms="248" status="PASS">
          <reporter-output>
          </reporter-output>
        </test-method> <!-- endReport -->
      </class> <!-- userManagement.UsersSchemaValidation -->
    </test> <!-- Default test -->
  </suite> <!-- Default suite -->
</testng-results>
