<?xml version="1.0" encoding="UTF-8"?>
<testng-results ignored="0" total="10" passed="9" failed="1" skipped="0">
  <reporter-output>
  </reporter-output>
  <suite started-at="2024-11-26T04:35:22 IST" name="Default suite" finished-at="2024-11-26T04:35:39 IST" duration-ms="16888">
    <groups>
    </groups>
    <test started-at="2024-11-26T04:35:22 IST" name="Default test" finished-at="2024-11-26T04:35:39 IST" duration-ms="16888">
      <class name="restFullBooker.HealthCheck">
        <test-method is-config="true" signature="config(java.lang.String,java.lang.String)[pri:0, instance:restFullBooker.HealthCheck@793f29ff]" started-at="2024-11-26T04:35:22 IST" name="config" finished-at="2024-11-26T04:35:22 IST" duration-ms="570" status="PASS">
          <params>
            <param index="0">
              <value>
                <![CDATA[Optional name Automation ]]>
              </value>
            </param>
            <param index="1">
              <value>
                <![CDATA[API Report]]>
              </value>
            </param>
          </params>
          <reporter-output>
          </reporter-output>
        </test-method> <!-- config -->
        <test-method is-config="true" signature="logBeforeMethod(java.lang.reflect.Method)[pri:0, instance:restFullBooker.HealthCheck@793f29ff]" started-at="2024-11-26T04:35:22 IST" name="logBeforeMethod" finished-at="2024-11-26T04:35:22 IST" duration-ms="9" status="PASS">
          <params>
            <param index="0">
              <value>
                <![CDATA[public void restFullBooker.HealthCheck.pingServerForHealthCheck() throws java.io.IOException,org.json.simple.parser.ParseException]]>
              </value>
            </param>
          </params>
          <reporter-output>
          </reporter-output>
        </test-method> <!-- logBeforeMethod -->
        <test-method signature="pingServerForHealthCheck()[pri:1, instance:restFullBooker.HealthCheck@793f29ff]" started-at="2024-11-26T04:35:22 IST" name="pingServerForHealthCheck" description="RB_01 : Test to validate the Healthcheck point for the API." finished-at="2024-11-26T04:35:26 IST" duration-ms="3450" status="PASS">
          <reporter-output>
          </reporter-output>
        </test-method> <!-- pingServerForHealthCheck -->
        <test-method is-config="true" signature="getResult(org.testng.ITestResult)[pri:0, instance:restFullBooker.HealthCheck@793f29ff]" started-at="2024-11-26T04:35:26 IST" name="getResult" finished-at="2024-11-26T04:35:26 IST" duration-ms="6" status="PASS">
          <params>
            <param index="0">
              <value>
                <![CDATA[[TestResult name=pingServerForHealthCheck status=SUCCESS method=HealthCheck.pingServerForHealthCheck()[pri:1, instance:restFullBooker.HealthCheck@793f29ff] output={null}]]]>
              </value>
            </param>
          </params>
          <reporter-output>
          </reporter-output>
        </test-method> <!-- getResult -->
        <test-method is-config="true" signature="logBeforeMethod(java.lang.reflect.Method)[pri:0, instance:restFullBooker.HealthCheck@793f29ff]" started-at="2024-11-26T04:35:26 IST" name="logBeforeMethod" finished-at="2024-11-26T04:35:26 IST" duration-ms="1" status="PASS">
          <params>
            <param index="0">
              <value>
                <![CDATA[public void restFullBooker.HealthCheck.getAuthToken() throws java.io.IOException,org.json.simple.parser.ParseException]]>
              </value>
            </param>
          </params>
          <reporter-output>
          </reporter-output>
        </test-method> <!-- logBeforeMethod -->
        <test-method signature="getAuthToken()[pri:2, instance:restFullBooker.HealthCheck@793f29ff]" started-at="2024-11-26T04:35:26 IST" name="getAuthToken" description="RB_02 : Test to create new auth token for booking" finished-at="2024-11-26T04:35:27 IST" duration-ms="1696" status="PASS">
          <reporter-output>
          </reporter-output>
        </test-method> <!-- getAuthToken -->
        <test-method is-config="true" signature="getResult(org.testng.ITestResult)[pri:0, instance:restFullBooker.HealthCheck@793f29ff]" started-at="2024-11-26T04:35:27 IST" name="getResult" finished-at="2024-11-26T04:35:27 IST" duration-ms="1" status="PASS">
          <params>
            <param index="0">
              <value>
                <![CDATA[[TestResult name=getAuthToken status=SUCCESS method=HealthCheck.getAuthToken()[pri:2, instance:restFullBooker.HealthCheck@793f29ff] output={null}]]]>
              </value>
            </param>
          </params>
          <reporter-output>
          </reporter-output>
        </test-method> <!-- getResult -->
        <test-method is-config="true" signature="logBeforeMethod(java.lang.reflect.Method)[pri:0, instance:restFullBooker.HealthCheck@793f29ff]" started-at="2024-11-26T04:35:27 IST" name="logBeforeMethod" finished-at="2024-11-26T04:35:27 IST" duration-ms="1" status="PASS">
          <params>
            <param index="0">
              <value>
                <![CDATA[public void restFullBooker.HealthCheck.fetchAllBookingIDs()]]>
              </value>
            </param>
          </params>
          <reporter-output>
          </reporter-output>
        </test-method> <!-- logBeforeMethod -->
        <test-method signature="fetchAllBookingIDs()[pri:3, instance:restFullBooker.HealthCheck@793f29ff]" started-at="2024-11-26T04:35:27 IST" name="fetchAllBookingIDs" description="RB_03 : Test to fetch all the booking IDs" finished-at="2024-11-26T04:35:29 IST" duration-ms="1675" status="PASS">
          <reporter-output>
          </reporter-output>
        </test-method> <!-- fetchAllBookingIDs -->
        <test-method is-config="true" signature="getResult(org.testng.ITestResult)[pri:0, instance:restFullBooker.HealthCheck@793f29ff]" started-at="2024-11-26T04:35:29 IST" name="getResult" finished-at="2024-11-26T04:35:29 IST" duration-ms="1" status="PASS">
          <params>
            <param index="0">
              <value>
                <![CDATA[[TestResult name=fetchAllBookingIDs status=SUCCESS method=HealthCheck.fetchAllBookingIDs()[pri:3, instance:restFullBooker.HealthCheck@793f29ff] output={null}]]]>
              </value>
            </param>
          </params>
          <reporter-output>
          </reporter-output>
        </test-method> <!-- getResult -->
        <test-method is-config="true" signature="logBeforeMethod(java.lang.reflect.Method)[pri:0, instance:restFullBooker.HealthCheck@793f29ff]" started-at="2024-11-26T04:35:29 IST" name="logBeforeMethod" finished-at="2024-11-26T04:35:29 IST" duration-ms="1" status="PASS">
          <params>
            <param index="0">
              <value>
                <![CDATA[public void restFullBooker.HealthCheck.createNewBooking()]]>
              </value>
            </param>
          </params>
          <reporter-output>
          </reporter-output>
        </test-method> <!-- logBeforeMethod -->
        <test-method signature="createNewBooking()[pri:4, instance:restFullBooker.HealthCheck@793f29ff]" started-at="2024-11-26T04:35:29 IST" name="createNewBooking" description="RB_07 : Test to validate to create New Booking with Content-Type : application/json" finished-at="2024-11-26T04:35:31 IST" duration-ms="1496" status="PASS">
          <reporter-output>
          </reporter-output>
        </test-method> <!-- createNewBooking -->
        <test-method is-config="true" signature="getResult(org.testng.ITestResult)[pri:0, instance:restFullBooker.HealthCheck@793f29ff]" started-at="2024-11-26T04:35:31 IST" name="getResult" finished-at="2024-11-26T04:35:31 IST" duration-ms="1" status="PASS">
          <params>
            <param index="0">
              <value>
                <![CDATA[[TestResult name=createNewBooking status=SUCCESS method=HealthCheck.createNewBooking()[pri:4, instance:restFullBooker.HealthCheck@793f29ff] output={null}]]]>
              </value>
            </param>
          </params>
          <reporter-output>
          </reporter-output>
        </test-method> <!-- getResult -->
        <test-method is-config="true" signature="logBeforeMethod(java.lang.reflect.Method)[pri:0, instance:restFullBooker.HealthCheck@793f29ff]" started-at="2024-11-26T04:35:31 IST" name="logBeforeMethod" finished-at="2024-11-26T04:35:31 IST" duration-ms="0" status="PASS">
          <params>
            <param index="0">
              <value>
                <![CDATA[public void restFullBooker.HealthCheck.fetchCustomerDetailByID()]]>
              </value>
            </param>
          </params>
          <reporter-output>
          </reporter-output>
        </test-method> <!-- logBeforeMethod -->
        <test-method signature="fetchCustomerDetailByID()[pri:5, instance:restFullBooker.HealthCheck@793f29ff]" started-at="2024-11-26T04:35:31 IST" name="fetchCustomerDetailByID" description="RB_06 : Test to fetch the customer detail by booking ID" finished-at="2024-11-26T04:35:32 IST" duration-ms="1362" status="PASS">
          <reporter-output>
          </reporter-output>
        </test-method> <!-- fetchCustomerDetailByID -->
        <test-method is-config="true" signature="getResult(org.testng.ITestResult)[pri:0, instance:restFullBooker.HealthCheck@793f29ff]" started-at="2024-11-26T04:35:32 IST" name="getResult" finished-at="2024-11-26T04:35:32 IST" duration-ms="1" status="PASS">
          <params>
            <param index="0">
              <value>
                <![CDATA[[TestResult name=fetchCustomerDetailByID status=SUCCESS method=HealthCheck.fetchCustomerDetailByID()[pri:5, instance:restFullBooker.HealthCheck@793f29ff] output={null}]]]>
              </value>
            </param>
          </params>
          <reporter-output>
          </reporter-output>
        </test-method> <!-- getResult -->
        <test-method is-config="true" signature="logBeforeMethod(java.lang.reflect.Method)[pri:0, instance:restFullBooker.HealthCheck@793f29ff]" started-at="2024-11-26T04:35:32 IST" name="logBeforeMethod" finished-at="2024-11-26T04:35:32 IST" duration-ms="1" status="PASS">
          <params>
            <param index="0">
              <value>
                <![CDATA[public void restFullBooker.HealthCheck.filterBookingIDsByName()]]>
              </value>
            </param>
          </params>
          <reporter-output>
          </reporter-output>
        </test-method> <!-- logBeforeMethod -->
        <test-method signature="filterBookingIDsByName()[pri:6, instance:restFullBooker.HealthCheck@793f29ff]" started-at="2024-11-26T04:35:32 IST" name="filterBookingIDsByName" description="RB_04 : Test to fetch all the booking IDs filtered by first &amp; last name" finished-at="2024-11-26T04:35:33 IST" duration-ms="1414" status="PASS">
          <reporter-output>
          </reporter-output>
        </test-method> <!-- filterBookingIDsByName -->
        <test-method is-config="true" signature="getResult(org.testng.ITestResult)[pri:0, instance:restFullBooker.HealthCheck@793f29ff]" started-at="2024-11-26T04:35:33 IST" name="getResult" finished-at="2024-11-26T04:35:33 IST" duration-ms="1" status="PASS">
          <params>
            <param index="0">
              <value>
                <![CDATA[[TestResult name=filterBookingIDsByName status=SUCCESS method=HealthCheck.filterBookingIDsByName()[pri:6, instance:restFullBooker.HealthCheck@793f29ff] output={null}]]]>
              </value>
            </param>
          </params>
          <reporter-output>
          </reporter-output>
        </test-method> <!-- getResult -->
        <test-method is-config="true" signature="logBeforeMethod(java.lang.reflect.Method)[pri:0, instance:restFullBooker.HealthCheck@793f29ff]" started-at="2024-11-26T04:35:33 IST" name="logBeforeMethod" finished-at="2024-11-26T04:35:33 IST" duration-ms="1" status="PASS">
          <params>
            <param index="0">
              <value>
                <![CDATA[public void restFullBooker.HealthCheck.filterBookingIDsByCheckInOutDate()]]>
              </value>
            </param>
          </params>
          <reporter-output>
          </reporter-output>
        </test-method> <!-- logBeforeMethod -->
        <test-method signature="filterBookingIDsByCheckInOutDate()[pri:7, instance:restFullBooker.HealthCheck@793f29ff]" started-at="2024-11-26T04:35:33 IST" name="filterBookingIDsByCheckInOutDate" description="RB_05 : Test to fetch all the booking IDs filtered by checkIn &amp; checkOut Dates" finished-at="2024-11-26T04:35:35 IST" duration-ms="1419" status="FAIL">
          <exception class="java.lang.AssertionError">
            <message>
              <![CDATA[The following asserts failed:
BookingIDs not found expected [true] but found [false]]]>
            </message>
            <full-stacktrace>
              <![CDATA[java.lang.AssertionError: The following asserts failed:
BookingIDs not found expected [true] but found [false]
at org.testng.asserts.SoftAssert.assertAll(SoftAssert.java:46)
at org.testng.asserts.SoftAssert.assertAll(SoftAssert.java:30)
at utility.SoftAssertionUtil.AssertAll(SoftAssertionUtil.java:53)
at restFullBooker.HealthCheck.filterBookingIDsByCheckInOutDate(HealthCheck.java:183)
at java.base/jdk.internal.reflect.NativeMethodAccessorImpl.invoke0(Native Method)
at java.base/jdk.internal.reflect.NativeMethodAccessorImpl.invoke(NativeMethodAccessorImpl.java:77)
at java.base/jdk.internal.reflect.DelegatingMethodAccessorImpl.invoke(DelegatingMethodAccessorImpl.java:43)
at java.base/java.lang.reflect.Method.invoke(Method.java:568)
at org.testng.internal.invokers.MethodInvocationHelper.invokeMethod(MethodInvocationHelper.java:141)
at org.testng.internal.invokers.TestInvoker.invokeMethod(TestInvoker.java:686)
at org.testng.internal.invokers.TestInvoker.invokeTestMethod(TestInvoker.java:230)
at org.testng.internal.invokers.MethodRunner.runInSequence(MethodRunner.java:63)
at org.testng.internal.invokers.TestInvoker$MethodInvocationAgent.invoke(TestInvoker.java:992)
at org.testng.internal.invokers.TestInvoker.invokeTestMethods(TestInvoker.java:203)
at org.testng.internal.invokers.TestMethodWorker.invokeTestMethods(TestMethodWorker.java:154)
at org.testng.internal.invokers.TestMethodWorker.run(TestMethodWorker.java:134)
at java.base/java.util.ArrayList.forEach(ArrayList.java:1511)
at org.testng.TestRunner.privateRun(TestRunner.java:739)
at org.testng.TestRunner.run(TestRunner.java:614)
at org.testng.SuiteRunner.runTest(SuiteRunner.java:421)
at org.testng.SuiteRunner.runSequentially(SuiteRunner.java:413)
at org.testng.SuiteRunner.privateRun(SuiteRunner.java:373)
at org.testng.SuiteRunner.run(SuiteRunner.java:312)
at org.testng.SuiteRunnerWorker.runSuite(SuiteRunnerWorker.java:52)
at org.testng.SuiteRunnerWorker.run(SuiteRunnerWorker.java:95)
at org.testng.TestNG.runSuitesSequentially(TestNG.java:1274)
at org.testng.TestNG.runSuitesLocally(TestNG.java:1208)
at org.testng.TestNG.runSuites(TestNG.java:1112)
at org.testng.TestNG.run(TestNG.java:1079)
at org.testng.remote.AbstractRemoteTestNG.run(AbstractRemoteTestNG.java:115)
at org.testng.remote.RemoteTestNG.initAndRun(RemoteTestNG.java:293)
at org.testng.remote.RemoteTestNG.main(RemoteTestNG.java:91)
]]>
            </full-stacktrace>
          </exception> <!-- java.lang.AssertionError -->
          <reporter-output>
          </reporter-output>
        </test-method> <!-- filterBookingIDsByCheckInOutDate -->
        <test-method is-config="true" signature="getResult(org.testng.ITestResult)[pri:0, instance:restFullBooker.HealthCheck@793f29ff]" started-at="2024-11-26T04:35:35 IST" name="getResult" finished-at="2024-11-26T04:35:35 IST" duration-ms="2" status="PASS">
          <params>
            <param index="0">
              <value>
                <![CDATA[[TestResult name=filterBookingIDsByCheckInOutDate status=FAILURE method=HealthCheck.filterBookingIDsByCheckInOutDate()[pri:7, instance:restFullBooker.HealthCheck@793f29ff] output={null}]]]>
              </value>
            </param>
          </params>
          <reporter-output>
          </reporter-output>
        </test-method> <!-- getResult -->
        <test-method is-config="true" signature="logBeforeMethod(java.lang.reflect.Method)[pri:0, instance:restFullBooker.HealthCheck@793f29ff]" started-at="2024-11-26T04:35:35 IST" name="logBeforeMethod" finished-at="2024-11-26T04:35:35 IST" duration-ms="1" status="PASS">
          <params>
            <param index="0">
              <value>
                <![CDATA[public void restFullBooker.HealthCheck.updateCurrentBookingPUT()]]>
              </value>
            </param>
          </params>
          <reporter-output>
          </reporter-output>
        </test-method> <!-- logBeforeMethod -->
        <test-method signature="updateCurrentBookingPUT()[pri:8, instance:restFullBooker.HealthCheck@793f29ff]" started-at="2024-11-26T04:35:35 IST" name="updateCurrentBookingPUT" description="RB_10 : Test to validate to update the current Booking with Content-Type : application/json" finished-at="2024-11-26T04:35:36 IST" duration-ms="1453" status="PASS">
          <reporter-output>
          </reporter-output>
        </test-method> <!-- updateCurrentBookingPUT -->
        <test-method is-config="true" signature="getResult(org.testng.ITestResult)[pri:0, instance:restFullBooker.HealthCheck@793f29ff]" started-at="2024-11-26T04:35:36 IST" name="getResult" finished-at="2024-11-26T04:35:36 IST" duration-ms="1" status="PASS">
          <params>
            <param index="0">
              <value>
                <![CDATA[[TestResult name=updateCurrentBookingPUT status=SUCCESS method=HealthCheck.updateCurrentBookingPUT()[pri:8, instance:restFullBooker.HealthCheck@793f29ff] output={null}]]]>
              </value>
            </param>
          </params>
          <reporter-output>
          </reporter-output>
        </test-method> <!-- getResult -->
        <test-method signature="updateCurrentBookingPATCH()[pri:9, instance:restFullBooker.HealthCheck@793f29ff]" started-at="2024-11-26T04:35:36 IST" name="updateCurrentBookingPATCH" description="RB_13 : Test to validate to update the current Booking partially with Content-Type : application/json" finished-at="2024-11-26T04:35:38 IST" duration-ms="1417" status="PASS">
          <reporter-output>
          </reporter-output>
        </test-method> <!-- updateCurrentBookingPATCH -->
        <test-method is-config="true" signature="logBeforeMethod(java.lang.reflect.Method)[pri:0, instance:restFullBooker.HealthCheck@793f29ff]" started-at="2024-11-26T04:35:36 IST" name="logBeforeMethod" finished-at="2024-11-26T04:35:36 IST" duration-ms="0" status="PASS">
          <params>
            <param index="0">
              <value>
                <![CDATA[public void restFullBooker.HealthCheck.updateCurrentBookingPATCH()]]>
              </value>
            </param>
          </params>
          <reporter-output>
          </reporter-output>
        </test-method> <!-- logBeforeMethod -->
        <test-method is-config="true" signature="getResult(org.testng.ITestResult)[pri:0, instance:restFullBooker.HealthCheck@793f29ff]" started-at="2024-11-26T04:35:38 IST" name="getResult" finished-at="2024-11-26T04:35:38 IST" duration-ms="2" status="PASS">
          <params>
            <param index="0">
              <value>
                <![CDATA[[TestResult name=updateCurrentBookingPATCH status=SUCCESS method=HealthCheck.updateCurrentBookingPATCH()[pri:9, instance:restFullBooker.HealthCheck@793f29ff] output={null}]]]>
              </value>
            </param>
          </params>
          <reporter-output>
          </reporter-output>
        </test-method> <!-- getResult -->
        <test-method is-config="true" signature="logBeforeMethod(java.lang.reflect.Method)[pri:0, instance:restFullBooker.HealthCheck@793f29ff]" started-at="2024-11-26T04:35:38 IST" name="logBeforeMethod" finished-at="2024-11-26T04:35:38 IST" duration-ms="1" status="PASS">
          <params>
            <param index="0">
              <value>
                <![CDATA[public void restFullBooker.HealthCheck.deletecurrentBooking()]]>
              </value>
            </param>
          </params>
          <reporter-output>
          </reporter-output>
        </test-method> <!-- logBeforeMethod -->
        <test-method signature="deletecurrentBooking()[pri:10, instance:restFullBooker.HealthCheck@793f29ff]" started-at="2024-11-26T04:35:38 IST" name="deletecurrentBooking" description="RB_16 : Test validate to delete specifig booking" finished-at="2024-11-26T04:35:39 IST" duration-ms="1382" status="PASS">
          <reporter-output>
          </reporter-output>
        </test-method> <!-- deletecurrentBooking -->
        <test-method is-config="true" signature="getResult(org.testng.ITestResult)[pri:0, instance:restFullBooker.HealthCheck@793f29ff]" started-at="2024-11-26T04:35:39 IST" name="getResult" finished-at="2024-11-26T04:35:39 IST" duration-ms="1" status="PASS">
          <params>
            <param index="0">
              <value>
                <![CDATA[[TestResult name=deletecurrentBooking status=SUCCESS method=HealthCheck.deletecurrentBooking()[pri:10, instance:restFullBooker.HealthCheck@793f29ff] output={null}]]]>
              </value>
            </param>
          </params>
          <reporter-output>
          </reporter-output>
        </test-method> <!-- getResult -->
        <test-method is-config="true" signature="endReport()[pri:0, instance:restFullBooker.HealthCheck@793f29ff]" started-at="2024-11-26T04:35:39 IST" name="endReport" finished-at="2024-11-26T04:35:40 IST" duration-ms="400" status="PASS">
          <reporter-output>
          </reporter-output>
        </test-method> <!-- endReport -->
      </class> <!-- restFullBooker.HealthCheck -->
    </test> <!-- Default test -->
  </suite> <!-- Default suite -->
</testng-results>
